#
# There is insufficient memory for the Java Runtime Environment to continue.
# Native memory allocation (mmap) failed to map 134217728 bytes for Failed to commit area from 0x0000000081000000 to 0x0000000089000000 of length 134217728.
# Possible reasons:
#   The system is out of physical RAM or swap space
#   The process is running with CompressedOops enabled, and the Java Heap may be blocking the growth of the native heap
# Possible solutions:
#   Reduce memory load on the system
#   Increase physical memory or swap space
#   Check if swap backing store is full
#   Decrease Java heap size (-Xmx/-Xms)
#   Decrease number of Java threads
#   Decrease Java thread stack sizes (-Xss)
#   Set larger code cache with -XX:ReservedCodeCacheSize=
#   JVM is running with Unscaled Compressed Oops mode in which the Java heap is
#     placed in the first 4GB address space. The Java Heap base address is the
#     maximum limit for the native heap growth. Please use -XX:HeapBaseMinAddress
#     to set the Java Heap base and to place the Java Heap above 4GB virtual address.
# This output file may be truncated or incomplete.
#
#  Out of Memory Error (./open/src/hotspot/os/windows/os_windows.cpp:3315), pid=25308, tid=26148
#
# JRE version:  (14.0.1+7) (build )
# Java VM: Java HotSpot(TM) 64-Bit Server VM (14.0.1+7, mixed mode, sharing, tiered, compressed oops, g1 gc, windows-amd64)
# No core dump will be written. Minidumps are not enabled by default on client versions of Windows
#

---------------  S U M M A R Y ------------

Command Line: -Dfile.encoding=Cp1252 Employeee.Mark_Att_Emp

Host: Intel(R) Core(TM) i5-4210U CPU @ 1.70GHz, 4 cores, 7G,  Windows 10 , 64 bit Build 19041 (10.0.19041.928)
Time: Thu Dec 30 00:40:28 2021 India Standard Time elapsed time: 0 seconds (0d 0h 0m 0s)

---------------  T H R E A D  ---------------

Current thread (0x000002314fc09000):  JavaThread "Unknown thread" [_thread_in_vm, id=26148, stack(0x000000b039400000,0x000000b039500000)]

Stack: [0x000000b039400000,0x000000b039500000]
Native frames: (J=compiled Java code, j=interpreted, Vv=VM code, C=native code)
V  [jvm.dll+0x5f840a]
V  [jvm.dll+0x741e4a]
V  [jvm.dll+0x7435ff]
V  [jvm.dll+0x743c43]
V  [jvm.dll+0x20d288]
V  [jvm.dll+0x5f57ba]
V  [jvm.dll+0x5ea615]
V  [jvm.dll+0x2c7e9c]
V  [jvm.dll+0x2c7cd2]
V  [jvm.dll+0x2cdbbc]
V  [jvm.dll+0x313ff8]
V  [jvm.dll+0x313720]
V  [jvm.dll+0x2a092a]
V  [jvm.dll+0x2a1a79]
V  [jvm.dll+0x71f718]
V  [jvm.dll+0x321c44]
V  [jvm.dll+0x700b0c]
V  [jvm.dll+0x392dff]
V  [jvm.dll+0x394e71]
C  [jli.dll+0x523b]
C  [ucrtbase.dll+0x21bb2]
C  [KERNEL32.DLL+0x17034]
C  [ntdll.dll+0x52651]


---------------  P R O C E S S  ---------------

Threads class SMR info:
_java_thread_list=0x00007ffb7ba03078, length=0, elements={
}

Java Threads: ( => current thread )

Other Threads:
  0x000002314fc4b800 GCTaskThread "GC Thread#0" [stack: 0x000000b039500000,0x000000b039600000] [id=27092]
  0x000002314fc5e800 ConcurrentGCThread "G1 Main Marker" [stack: 0x000000b039600000,0x000000b039700000] [id=22804]
  0x000002314fc5f800 ConcurrentGCThread "G1 Conc#0" [stack: 0x000000b039700000,0x000000b039800000] [id=26048]

[error occurred during error reporting (printing all threads), id 0xc0000005, EXCEPTION_ACCESS_VIOLATION (0xc0000005) at pc=0x00007ffb7b231257]

VM state:not at safepoint (not fully initialized)

VM Mutex/Monitor currently owned by a thread:  ([mutex/lock_event])
[0x000002314fc05c30] Heap_lock - owner thread: 0x000002314fc09000

Heap address: 0x0000000081000000, size: 2032 MB, Compressed Oops mode: 32-bit
Narrow klass base: 0x0000000000000000, Narrow klass shift: 0

GC Heap History (0 events):
No events

Deoptimization events (0 events):
No events

Classes unloaded (0 events):
No events

Classes redefined (0 events):
No events

Internal exceptions (0 events):
No events

Events (2 events):
Event: 0.012 Loaded shared library C:\Program Files\Java\jdk-14.0.1\bin\java.dll
Event: 0.013 Loaded shared library C:\Program Files\Java\jdk-14.0.1\bin\zip.dll


Dynamic libraries:
0x00007ff7c3d30000 - 0x00007ff7c3d3f000 	C:\Program Files\Java\jdk-14.0.1\bin\javaw.exe
0x00007ffbe15b0000 - 0x00007ffbe17a5000 	C:\WINDOWS\SYSTEM32\ntdll.dll
0x00007ffbe0720000 - 0x00007ffbe07dd000 	C:\WINDOWS\System32\KERNEL32.DLL
0x00007ffbdef90000 - 0x00007ffbdf258000 	C:\WINDOWS\System32\KERNELBASE.dll
0x00007ffbdf340000 - 0x00007ffbdf440000 	C:\WINDOWS\System32\ucrtbase.dll
0x00007ffbd8350000 - 0x00007ffbd8368000 	C:\Program Files\Java\jdk-14.0.1\bin\jli.dll
0x00007ffbdfac0000 - 0x00007ffbdfb6c000 	C:\WINDOWS\System32\ADVAPI32.dll
0x00007ffbdfa20000 - 0x00007ffbdfabe000 	C:\WINDOWS\System32\msvcrt.dll
0x00007ffbe14d0000 - 0x00007ffbe156b000 	C:\WINDOWS\System32\sechost.dll
0x00007ffbdffc0000 - 0x00007ffbe00eb000 	C:\WINDOWS\System32\RPCRT4.dll
0x00007ffbdfc40000 - 0x00007ffbdfde0000 	C:\WINDOWS\System32\USER32.dll
0x00007ffbbc490000 - 0x00007ffbbc4a5000 	C:\Program Files\Java\jdk-14.0.1\bin\VCRUNTIME140.dll
0x00007ffbdee00000 - 0x00007ffbdee22000 	C:\WINDOWS\System32\win32u.dll
0x00007ffbe0280000 - 0x00007ffbe02aa000 	C:\WINDOWS\System32\GDI32.dll
0x00007ffbdecf0000 - 0x00007ffbdedfb000 	C:\WINDOWS\System32\gdi32full.dll
0x00007ffbdf4f0000 - 0x00007ffbdf58d000 	C:\WINDOWS\System32\msvcp_win.dll
0x00007ffbd1540000 - 0x00007ffbd17da000 	C:\WINDOWS\WinSxS\amd64_microsoft.windows.common-controls_6595b64144ccf1df_6.0.19041.844_none_ca00b6081b84eb1d\COMCTL32.dll
0x00007ffbd7bf0000 - 0x00007ffbd7bfa000 	C:\WINDOWS\SYSTEM32\VERSION.dll
0x00007ffbe0f90000 - 0x00007ffbe0fc0000 	C:\WINDOWS\System32\IMM32.DLL
0x00007ffbbb930000 - 0x00007ffbbb9cb000 	C:\Program Files\Java\jdk-14.0.1\bin\msvcp140.dll
0x00007ffb7af80000 - 0x00007ffb7ba9e000 	C:\Program Files\Java\jdk-14.0.1\bin\server\jvm.dll
0x00007ffbdf700000 - 0x00007ffbdf708000 	C:\WINDOWS\System32\PSAPI.DLL
0x00007ffbd2320000 - 0x00007ffbd2347000 	C:\WINDOWS\SYSTEM32\WINMM.dll
0x00007ffbd9df0000 - 0x00007ffbd9df9000 	C:\WINDOWS\SYSTEM32\WSOCK32.dll
0x00007ffbe0210000 - 0x00007ffbe027b000 	C:\WINDOWS\System32\WS2_32.dll
0x00007ffbdce20000 - 0x00007ffbdce32000 	C:\WINDOWS\SYSTEM32\kernel.appcore.dll
0x00007ffbd9850000 - 0x00007ffbd985a000 	C:\Program Files\Java\jdk-14.0.1\bin\jimage.dll
0x00007ffbdcc10000 - 0x00007ffbdcdf4000 	C:\WINDOWS\SYSTEM32\DBGHELP.DLL
0x00007ffbcdb80000 - 0x00007ffbcdbac000 	C:\WINDOWS\SYSTEM32\dbgcore.DLL
0x00007ffbdf260000 - 0x00007ffbdf2e0000 	C:\WINDOWS\System32\bcryptPrimitives.dll
0x00007ffbd8300000 - 0x00007ffbd8325000 	C:\Program Files\Java\jdk-14.0.1\bin\java.dll
0x00007ffbd82e0000 - 0x00007ffbd82f6000 	C:\Program Files\Java\jdk-14.0.1\bin\zip.dll

dbghelp: loaded successfully - version: 4.0.5 - missing functions: none
symbol engine: initialized successfully - sym options: 0x614 - pdb path: .;C:\Program Files\Java\jdk-14.0.1\bin;C:\WINDOWS\SYSTEM32;C:\WINDOWS\WinSxS\amd64_microsoft.windows.common-controls_6595b64144ccf1df_6.0.19041.844_none_ca00b6081b84eb1d;C:\Program Files\Java\jdk-14.0.1\bin\server

VM Arguments:
jvm_args: -Dfile.encoding=Cp1252 
java_command: Employeee.Mark_Att_Emp
java_class_path (initial): C:\Users\Rishabh\eclipse-workspace\Employee-Management-System\build\classes;C:\Users\Rishabh\eclipse-workspace\Employee-Management-System\dist\lib\mysql-connector-java-5.1.23-bin.jar;C:\Users\Rishabh\eclipse-workspace\Employee-Management-System\dist\Employee_Management_System.jar
Launcher Type: SUN_STANDARD

[Global flags]
     intx CICompilerCount                          = 3                                         {product} {ergonomic}
     uint ConcGCThreads                            = 1                                         {product} {ergonomic}
     uint G1ConcRefinementThreads                  = 4                                         {product} {ergonomic}
   size_t G1HeapRegionSize                         = 1048576                                   {product} {ergonomic}
    uintx GCDrainStackTargetSize                   = 64                                        {product} {ergonomic}
   size_t InitialHeapSize                          = 134217728                                 {product} {ergonomic}
   size_t MarkStackSize                            = 4194304                                   {product} {ergonomic}
   size_t MaxHeapSize                              = 2130706432                                {product} {ergonomic}
   size_t MinHeapDeltaBytes                        = 1048576                                   {product} {ergonomic}
   size_t MinHeapSize                              = 8388608                                   {product} {ergonomic}
    uintx NonNMethodCodeHeapSize                   = 5832780                                {pd product} {ergonomic}
    uintx NonProfiledCodeHeapSize                  = 122912730                              {pd product} {ergonomic}
    uintx ProfiledCodeHeapSize                     = 122912730                              {pd product} {ergonomic}
    uintx ReservedCodeCacheSize                    = 251658240                              {pd product} {ergonomic}
     bool SegmentedCodeCache                       = true                                      {product} {ergonomic}
   size_t SoftMaxHeapSize                          = 2130706432                             {manageable} {ergonomic}
     bool UseCompressedClassPointers               = true                                 {lp64_product} {ergonomic}
     bool UseCompressedOops                        = true                                 {lp64_product} {ergonomic}
     bool UseG1GC                                  = true                                      {product} {ergonomic}
     bool UseLargePagesIndividualAllocation        = false                                  {pd product} {ergonomic}

Logging:
Log output configuration:
 #0: stdout all=warning uptime,level,tags
 #1: stderr all=off uptime,level,tags

Environment Variables:
PATH=C:/Program Files/Java/jdk-14.0.1/bin/server;C:/Program Files/Java/jdk-14.0.1/bin;C:\Program Files\Common Files\Oracle\Java\javapath;C:\Program Files (x86)\Common Files\Oracle\Java\javapath;C:\WINDOWS\system32;C:\WINDOWS;C:\WINDOWS\System32\Wbem;C:\WINDOWS\System32\WindowsPowerShell\v1.0\;C:\WINDOWS\System32\OpenSSH\;C:\Program Files\nodejs\;C:\Program Files\Git\cmd;C:\Program Files\Microsoft SQL Server\Client SDK\ODBC\170\Tools\Binn\;C:\Program Files (x86)\Microsoft SQL Server\150\Tools\Binn\;C:\Program Files\Microsoft SQL Server\150\Tools\Binn\;C:\Program Files\Microsoft SQL Server\150\DTS\Binn\;C:\Users\Rishabh\AppData\Local\Microsoft\WindowsApps;C:\Users\Rishabh\AppData\Local\Programs\Microsoft VS Code\bin;C:\Users\Rishabh\AppData\Roaming\npm;;C:\Program Files\JetBrains\IntelliJ IDEA 2021.2.3\bin;;C:\WINDOWS\system32;
USERNAME=Rishabh
OS=Windows_NT
PROCESSOR_IDENTIFIER=Intel64 Family 6 Model 69 Stepping 1, GenuineIntel



---------------  S Y S T E M  ---------------

OS: Windows 10 , 64 bit Build 19041 (10.0.19041.928)
OS uptime: 0 days 6:50 hours

CPU:total 4 (initial active 4) (2 cores per cpu, 2 threads per core) family 6 model 69 stepping 1, cmov, cx8, fxsr, mmx, sse, sse2, sse3, ssse3, sse4.1, sse4.2, popcnt, avx, avx2, aes, clmul, erms, lzcnt, ht, tsc, tscinvbit, bmi1, bmi2, fma

Memory: 4k page, system-wide physical 8122M (1996M free)
TotalPageFile size 32698M (AvailPageFile size 62M)
current process WorkingSet (physical memory assigned to process): 10M, peak: 10M
current process commit charge ("private bytes"): 51M, peak: 179M

vm_info: Java HotSpot(TM) 64-Bit Server VM (14.0.1+7) for windows-amd64 JRE (14.0.1+7), built on Mar  5 2020 10:30:14 by "mach5one" with MS VC++ 15.9 (VS2017)

END.
