#
# There is insufficient memory for the Java Runtime Environment to continue.
# Native memory allocation (malloc) failed to allocate 727968 bytes for Chunk::new
# Possible reasons:
#   The system is out of physical RAM or swap space
#   The process is running with CompressedOops enabled, and the Java Heap may be blocking the growth of the native heap
# Possible solutions:
#   Reduce memory load on the system
#   Increase physical memory or swap space
#   Check if swap backing store is full
#   Decrease Java heap size (-Xmx/-Xms)
#   Decrease number of Java threads
#   Decrease Java thread stack sizes (-Xss)
#   Set larger code cache with -XX:ReservedCodeCacheSize=
#   JVM is running with Unscaled Compressed Oops mode in which the Java heap is
#     placed in the first 4GB address space. The Java Heap base address is the
#     maximum limit for the native heap growth. Please use -XX:HeapBaseMinAddress
#     to set the Java Heap base and to place the Java Heap above 4GB virtual address.
# This output file may be truncated or incomplete.
#
#  Out of Memory Error (./open/src/hotspot/share/memory/arena.cpp:195), pid=25620, tid=26176
#
# JRE version: Java(TM) SE Runtime Environment (14.0.1+7) (build 14.0.1+7)
# Java VM: Java HotSpot(TM) 64-Bit Server VM (14.0.1+7, mixed mode, sharing, tiered, compressed oops, g1 gc, windows-amd64)
# No core dump will be written. Minidumps are not enabled by default on client versions of Windows
#

---------------  S U M M A R Y ------------

Command Line: -Dfile.encoding=Cp1252 Employeee.Mark_Att_Emp

Host: Intel(R) Core(TM) i5-4210U CPU @ 1.70GHz, 4 cores, 7G,  Windows 10 , 64 bit Build 19041 (10.0.19041.928)
Time: Thu Dec 30 00:44:32 2021 India Standard Time elapsed time: 1 seconds (0d 0h 0m 1s)

---------------  T H R E A D  ---------------

Current thread (0x00000243fc6cc800):  JavaThread "C2 CompilerThread0" daemon [_thread_in_native, id=26176, stack(0x000000903d900000,0x000000903da00000)]


Current CompileTask:
C2:   1098  759       4       sun.util.locale.BaseLocale::getInstance (186 bytes)

Stack: [0x000000903d900000,0x000000903da00000]
Native frames: (J=compiled Java code, j=interpreted, Vv=VM code, C=native code)
V  [jvm.dll+0x5f840a]
V  [jvm.dll+0x741e4a]
V  [jvm.dll+0x7435ff]
V  [jvm.dll+0x743c43]
V  [jvm.dll+0x20d288]
V  [jvm.dll+0xabb07]
V  [jvm.dll+0xac1fc]
V  [jvm.dll+0x31c4c5]
V  [jvm.dll+0x2e6b48]
V  [jvm.dll+0x2e5f4a]
V  [jvm.dll+0x1e5e16]
V  [jvm.dll+0x1e50b8]
V  [jvm.dll+0x1779cc]
V  [jvm.dll+0x1f4105]
V  [jvm.dll+0x1f22eb]
V  [jvm.dll+0x706a9d]
V  [jvm.dll+0x6ff8ba]
V  [jvm.dll+0x5f72c6]
C  [ucrtbase.dll+0x21bb2]
C  [KERNEL32.DLL+0x17034]
C  [ntdll.dll+0x52651]


---------------  P R O C E S S  ---------------

Threads class SMR info:
_java_thread_list=0x00000243fe0e9130, length=17, elements={
0x00000243ecea7800, 0x00000243fc69c000, 0x00000243fc69d000, 0x00000243fc6b9000,
0x00000243fc6bc000, 0x00000243fc6be000, 0x00000243fc6cc800, 0x00000243fc6cd800,
0x00000243fc6db000, 0x00000243fd113800, 0x00000243fd11c800, 0x00000243fd322000,
0x00000243fd37b000, 0x00000243fd358000, 0x00000243fd40b800, 0x00000243fdb56000,
0x00000243fdceb000
}

Java Threads: ( => current thread )
  0x00000243ecea7800 JavaThread "main" [_thread_in_Java, id=26924, stack(0x000000903cd00000,0x000000903ce00000)]
  0x00000243fc69c000 JavaThread "Reference Handler" daemon [_thread_blocked, id=27520, stack(0x000000903d400000,0x000000903d500000)]
  0x00000243fc69d000 JavaThread "Finalizer" daemon [_thread_blocked, id=15644, stack(0x000000903d500000,0x000000903d600000)]
  0x00000243fc6b9000 JavaThread "Signal Dispatcher" daemon [_thread_blocked, id=19652, stack(0x000000903d600000,0x000000903d700000)]
  0x00000243fc6bc000 JavaThread "Attach Listener" daemon [_thread_blocked, id=27420, stack(0x000000903d700000,0x000000903d800000)]
  0x00000243fc6be000 JavaThread "Service Thread" daemon [_thread_blocked, id=27492, stack(0x000000903d800000,0x000000903d900000)]
=>0x00000243fc6cc800 JavaThread "C2 CompilerThread0" daemon [_thread_in_native, id=26176, stack(0x000000903d900000,0x000000903da00000)]
  0x00000243fc6cd800 JavaThread "C1 CompilerThread0" daemon [_thread_in_native, id=25624, stack(0x000000903da00000,0x000000903db00000)]
  0x00000243fc6db000 JavaThread "Sweeper thread" daemon [_thread_blocked, id=27272, stack(0x000000903db00000,0x000000903dc00000)]
  0x00000243fd113800 JavaThread "Notification Thread" daemon [_thread_blocked, id=25836, stack(0x000000903dc00000,0x000000903dd00000)]
  0x00000243fd11c800 JavaThread "Common-Cleaner" daemon [_thread_blocked, id=27388, stack(0x000000903de00000,0x000000903df00000)]
  0x00000243fd322000 JavaThread "Java2D Disposer" daemon [_thread_blocked, id=26132, stack(0x000000903df00000,0x000000903e000000)]
  0x00000243fd37b000 JavaThread "AWT-Shutdown" [_thread_blocked, id=25380, stack(0x000000903e000000,0x000000903e100000)]
  0x00000243fd358000 JavaThread "AWT-Windows" daemon [_thread_in_native, id=24412, stack(0x000000903e100000,0x000000903e200000)]
  0x00000243fd40b800 JavaThread "Image Fetcher 0" daemon [_thread_blocked, id=27364, stack(0x000000903e200000,0x000000903e300000)]
  0x00000243fdb56000 JavaThread "Abandoned connection cleanup thread" daemon [_thread_blocked, id=27412, stack(0x000000903e300000,0x000000903e400000)]
  0x00000243fdceb000 JavaThread "C2 CompilerThread1" daemon [_thread_in_native, id=26108, stack(0x000000903e700000,0x000000903e800000)]

Other Threads:
  0x00000243fc69b000 VMThread "VM Thread" [stack: 0x000000903d300000,0x000000903d400000] [id=27516]
  0x00000243fd11b800 WatcherThread [stack: 0x000000903dd00000,0x000000903de00000] [id=21852]
  0x00000243eceea800 GCTaskThread "GC Thread#0" [stack: 0x000000903ce00000,0x000000903cf00000] [id=27344]
  0x00000243fdbb1800 GCTaskThread "GC Thread#1" [stack: 0x000000903e400000,0x000000903e500000] [id=24140]
  0x00000243fdbb2800 GCTaskThread "GC Thread#2" [stack: 0x000000903e500000,0x000000903e600000] [id=22664]
  0x00000243fdbb3000 GCTaskThread "GC Thread#3" [stack: 0x000000903e600000,0x000000903e700000] [id=26036]
  0x00000243ecefe000 ConcurrentGCThread "G1 Main Marker" [stack: 0x000000903cf00000,0x000000903d000000] [id=26508]
  0x00000243eceff800 ConcurrentGCThread "G1 Conc#0" [stack: 0x000000903d000000,0x000000903d100000] [id=27256]
  0x00000243fc520800 ConcurrentGCThread "G1 Refine#0" [stack: 0x000000903d100000,0x000000903d200000] [id=21512]
  0x00000243fc521000 ConcurrentGCThread "G1 Young RemSet Sampling" [stack: 0x000000903d200000,0x000000903d300000] [id=25748]

Threads with active compile tasks:
C2 CompilerThread0     1190  759       4       sun.util.locale.BaseLocale::getInstance (186 bytes)
C2 CompilerThread1     1190  807 %     4       java.util.Properties$LineReader::readLine @ 224 (584 bytes)

VM state:not at safepoint (normal execution)

VM Mutex/Monitor currently owned by a thread: None

Heap address: 0x0000000081000000, size: 2032 MB, Compressed Oops mode: 32-bit
Narrow klass base: 0x0000000800000000, Narrow klass shift: 3
Compressed class space size: 1073741824 Address: 0x0000000800b30000

Heap:
 garbage-first heap   total 131072K, used 51331K [0x0000000081000000, 0x0000000100000000)
  region size 1024K, 15 young (15360K), 0 survivors (0K)
 Metaspace       used 7479K, capacity 7780K, committed 7808K, reserved 1056768K
  class space    used 771K, capacity 884K, committed 896K, reserved 1048576K
Heap Regions: E=young(eden), S=young(survivor), O=old, HS=humongous(starts), HC=humongous(continues), CS=collection set, F=free, OA=open archive, CA=closed archive, TAMS=top-at-mark-start (previous, next)
|   0|0x0000000081000000, 0x0000000081100000, 0x0000000081100000|100%|HS|  |TAMS 0x0000000081000000, 0x0000000081000000| Complete 
|   1|0x0000000081100000, 0x0000000081200000, 0x0000000081200000|100%|HC|  |TAMS 0x0000000081100000, 0x0000000081100000| Complete 
|   2|0x0000000081200000, 0x0000000081300000, 0x0000000081300000|100%|HC|  |TAMS 0x0000000081200000, 0x0000000081200000| Complete 
|   3|0x0000000081300000, 0x0000000081400000, 0x0000000081400000|100%|HC|  |TAMS 0x0000000081300000, 0x0000000081300000| Complete 
|   4|0x0000000081400000, 0x0000000081500000, 0x0000000081500000|100%|HC|  |TAMS 0x0000000081400000, 0x0000000081400000| Complete 
|   5|0x0000000081500000, 0x0000000081600000, 0x0000000081600000|100%|HC|  |TAMS 0x0000000081500000, 0x0000000081500000| Complete 
|   6|0x0000000081600000, 0x0000000081700000, 0x0000000081700000|100%|HC|  |TAMS 0x0000000081600000, 0x0000000081600000| Complete 
|   7|0x0000000081700000, 0x0000000081800000, 0x0000000081800000|100%|HC|  |TAMS 0x0000000081700000, 0x0000000081700000| Complete 
|   8|0x0000000081800000, 0x0000000081900000, 0x0000000081900000|100%|HC|  |TAMS 0x0000000081800000, 0x0000000081800000| Complete 
|   9|0x0000000081900000, 0x0000000081a00000, 0x0000000081a00000|100%|HC|  |TAMS 0x0000000081900000, 0x0000000081900000| Complete 
|  10|0x0000000081a00000, 0x0000000081b00000, 0x0000000081b00000|100%|HC|  |TAMS 0x0000000081a00000, 0x0000000081a00000| Complete 
|  11|0x0000000081b00000, 0x0000000081c00000, 0x0000000081c00000|100%|HC|  |TAMS 0x0000000081b00000, 0x0000000081b00000| Complete 
|  12|0x0000000081c00000, 0x0000000081d00000, 0x0000000081d00000|100%|HC|  |TAMS 0x0000000081c00000, 0x0000000081c00000| Complete 
|  13|0x0000000081d00000, 0x0000000081e00000, 0x0000000081e00000|100%|HC|  |TAMS 0x0000000081d00000, 0x0000000081d00000| Complete 
|  14|0x0000000081e00000, 0x0000000081f00000, 0x0000000081f00000|100%|HC|  |TAMS 0x0000000081e00000, 0x0000000081e00000| Complete 
|  15|0x0000000081f00000, 0x0000000082000000, 0x0000000082000000|100%|HC|  |TAMS 0x0000000081f00000, 0x0000000081f00000| Complete 
|  16|0x0000000082000000, 0x0000000082100000, 0x0000000082100000|100%|HC|  |TAMS 0x0000000082000000, 0x0000000082000000| Complete 
|  17|0x0000000082100000, 0x0000000082200000, 0x0000000082200000|100%|HC|  |TAMS 0x0000000082100000, 0x0000000082100000| Complete 
|  18|0x0000000082200000, 0x0000000082300000, 0x0000000082300000|100%|HC|  |TAMS 0x0000000082200000, 0x0000000082200000| Complete 
|  19|0x0000000082300000, 0x0000000082400000, 0x0000000082400000|100%|HC|  |TAMS 0x0000000082300000, 0x0000000082300000| Complete 
|  20|0x0000000082400000, 0x0000000082500000, 0x0000000082500000|100%|HC|  |TAMS 0x0000000082400000, 0x0000000082400000| Complete 
|  21|0x0000000082500000, 0x0000000082600000, 0x0000000082600000|100%|HC|  |TAMS 0x0000000082500000, 0x0000000082500000| Complete 
|  22|0x0000000082600000, 0x0000000082700000, 0x0000000082700000|100%|HC|  |TAMS 0x0000000082600000, 0x0000000082600000| Complete 
|  23|0x0000000082700000, 0x0000000082800000, 0x0000000082800000|100%|HC|  |TAMS 0x0000000082700000, 0x0000000082700000| Complete 
|  24|0x0000000082800000, 0x0000000082900000, 0x0000000082900000|100%|HC|  |TAMS 0x0000000082800000, 0x0000000082800000| Complete 
|  25|0x0000000082900000, 0x0000000082a00000, 0x0000000082a00000|100%|HC|  |TAMS 0x0000000082900000, 0x0000000082900000| Complete 
|  26|0x0000000082a00000, 0x0000000082b00000, 0x0000000082b00000|100%|HC|  |TAMS 0x0000000082a00000, 0x0000000082a00000| Complete 
|  27|0x0000000082b00000, 0x0000000082c00000, 0x0000000082c00000|100%|HC|  |TAMS 0x0000000082b00000, 0x0000000082b00000| Complete 
|  28|0x0000000082c00000, 0x0000000082d00000, 0x0000000082d00000|100%|HC|  |TAMS 0x0000000082c00000, 0x0000000082c00000| Complete 
|  29|0x0000000082d00000, 0x0000000082e00000, 0x0000000082e00000|100%|HC|  |TAMS 0x0000000082d00000, 0x0000000082d00000| Complete 
|  30|0x0000000082e00000, 0x0000000082f00000, 0x0000000082f00000|100%|HC|  |TAMS 0x0000000082e00000, 0x0000000082e00000| Complete 
|  31|0x0000000082f00000, 0x0000000083000000, 0x0000000083000000|100%|HC|  |TAMS 0x0000000082f00000, 0x0000000082f00000| Complete 
|  32|0x0000000083000000, 0x0000000083100000, 0x0000000083100000|100%|HC|  |TAMS 0x0000000083000000, 0x0000000083000000| Complete 
|  33|0x0000000083100000, 0x0000000083200000, 0x0000000083200000|100%|HC|  |TAMS 0x0000000083100000, 0x0000000083100000| Complete 
|  34|0x0000000083200000, 0x0000000083300000, 0x0000000083300000|100%| O|  |TAMS 0x0000000083200000, 0x0000000083200000| Untracked 
|  35|0x0000000083300000, 0x0000000083400000, 0x0000000083400000|100%| O|  |TAMS 0x0000000083300000, 0x0000000083300000| Untracked 
|  36|0x0000000083400000, 0x0000000083420e00, 0x0000000083500000| 12%| O|  |TAMS 0x0000000083400000, 0x0000000083400000| Untracked 
|  37|0x0000000083500000, 0x0000000083500000, 0x0000000083600000|  0%| F|  |TAMS 0x0000000083500000, 0x0000000083500000| Untracked 
|  38|0x0000000083600000, 0x0000000083600000, 0x0000000083700000|  0%| F|  |TAMS 0x0000000083600000, 0x0000000083600000| Untracked 
|  39|0x0000000083700000, 0x0000000083700000, 0x0000000083800000|  0%| F|  |TAMS 0x0000000083700000, 0x0000000083700000| Untracked 
|  40|0x0000000083800000, 0x0000000083800000, 0x0000000083900000|  0%| F|  |TAMS 0x0000000083800000, 0x0000000083800000| Untracked 
|  41|0x0000000083900000, 0x0000000083900000, 0x0000000083a00000|  0%| F|  |TAMS 0x0000000083900000, 0x0000000083900000| Untracked 
|  42|0x0000000083a00000, 0x0000000083a00000, 0x0000000083b00000|  0%| F|  |TAMS 0x0000000083a00000, 0x0000000083a00000| Untracked 
|  43|0x0000000083b00000, 0x0000000083b00000, 0x0000000083c00000|  0%| F|  |TAMS 0x0000000083b00000, 0x0000000083b00000| Untracked 
|  44|0x0000000083c00000, 0x0000000083c00000, 0x0000000083d00000|  0%| F|  |TAMS 0x0000000083c00000, 0x0000000083c00000| Untracked 
|  45|0x0000000083d00000, 0x0000000083d00000, 0x0000000083e00000|  0%| F|  |TAMS 0x0000000083d00000, 0x0000000083d00000| Untracked 
|  46|0x0000000083e00000, 0x0000000083e00000, 0x0000000083f00000|  0%| F|  |TAMS 0x0000000083e00000, 0x0000000083e00000| Untracked 
|  47|0x0000000083f00000, 0x0000000083f00000, 0x0000000084000000|  0%| F|  |TAMS 0x0000000083f00000, 0x0000000083f00000| Untracked 
|  48|0x0000000084000000, 0x0000000084000000, 0x0000000084100000|  0%| F|  |TAMS 0x0000000084000000, 0x0000000084000000| Untracked 
|  49|0x0000000084100000, 0x0000000084100000, 0x0000000084200000|  0%| F|  |TAMS 0x0000000084100000, 0x0000000084100000| Untracked 
|  50|0x0000000084200000, 0x0000000084200000, 0x0000000084300000|  0%| F|  |TAMS 0x0000000084200000, 0x0000000084200000| Untracked 
|  51|0x0000000084300000, 0x0000000084300000, 0x0000000084400000|  0%| F|  |TAMS 0x0000000084300000, 0x0000000084300000| Untracked 
|  52|0x0000000084400000, 0x0000000084400000, 0x0000000084500000|  0%| F|  |TAMS 0x0000000084400000, 0x0000000084400000| Untracked 
|  53|0x0000000084500000, 0x0000000084500000, 0x0000000084600000|  0%| F|  |TAMS 0x0000000084500000, 0x0000000084500000| Untracked 
|  54|0x0000000084600000, 0x0000000084600000, 0x0000000084700000|  0%| F|  |TAMS 0x0000000084600000, 0x0000000084600000| Untracked 
|  55|0x0000000084700000, 0x0000000084700000, 0x0000000084800000|  0%| F|  |TAMS 0x0000000084700000, 0x0000000084700000| Untracked 
|  56|0x0000000084800000, 0x0000000084800000, 0x0000000084900000|  0%| F|  |TAMS 0x0000000084800000, 0x0000000084800000| Untracked 
|  57|0x0000000084900000, 0x0000000084900000, 0x0000000084a00000|  0%| F|  |TAMS 0x0000000084900000, 0x0000000084900000| Untracked 
|  58|0x0000000084a00000, 0x0000000084a00000, 0x0000000084b00000|  0%| F|  |TAMS 0x0000000084a00000, 0x0000000084a00000| Untracked 
|  59|0x0000000084b00000, 0x0000000084b00000, 0x0000000084c00000|  0%| F|  |TAMS 0x0000000084b00000, 0x0000000084b00000| Untracked 
|  60|0x0000000084c00000, 0x0000000084c00000, 0x0000000084d00000|  0%| F|  |TAMS 0x0000000084c00000, 0x0000000084c00000| Untracked 
|  61|0x0000000084d00000, 0x0000000084d00000, 0x0000000084e00000|  0%| F|  |TAMS 0x0000000084d00000, 0x0000000084d00000| Untracked 
|  62|0x0000000084e00000, 0x0000000084e00000, 0x0000000084f00000|  0%| F|  |TAMS 0x0000000084e00000, 0x0000000084e00000| Untracked 
|  63|0x0000000084f00000, 0x0000000084f00000, 0x0000000085000000|  0%| F|  |TAMS 0x0000000084f00000, 0x0000000084f00000| Untracked 
|  64|0x0000000085000000, 0x0000000085000000, 0x0000000085100000|  0%| F|  |TAMS 0x0000000085000000, 0x0000000085000000| Untracked 
|  65|0x0000000085100000, 0x0000000085100000, 0x0000000085200000|  0%| F|  |TAMS 0x0000000085100000, 0x0000000085100000| Untracked 
|  66|0x0000000085200000, 0x0000000085200000, 0x0000000085300000|  0%| F|  |TAMS 0x0000000085200000, 0x0000000085200000| Untracked 
|  67|0x0000000085300000, 0x0000000085300000, 0x0000000085400000|  0%| F|  |TAMS 0x0000000085300000, 0x0000000085300000| Untracked 
|  68|0x0000000085400000, 0x0000000085400000, 0x0000000085500000|  0%| F|  |TAMS 0x0000000085400000, 0x0000000085400000| Untracked 
|  69|0x0000000085500000, 0x0000000085500000, 0x0000000085600000|  0%| F|  |TAMS 0x0000000085500000, 0x0000000085500000| Untracked 
|  70|0x0000000085600000, 0x0000000085600000, 0x0000000085700000|  0%| F|  |TAMS 0x0000000085600000, 0x0000000085600000| Untracked 
|  71|0x0000000085700000, 0x0000000085700000, 0x0000000085800000|  0%| F|  |TAMS 0x0000000085700000, 0x0000000085700000| Untracked 
|  72|0x0000000085800000, 0x0000000085800000, 0x0000000085900000|  0%| F|  |TAMS 0x0000000085800000, 0x0000000085800000| Untracked 
|  73|0x0000000085900000, 0x0000000085900000, 0x0000000085a00000|  0%| F|  |TAMS 0x0000000085900000, 0x0000000085900000| Untracked 
|  74|0x0000000085a00000, 0x0000000085a00000, 0x0000000085b00000|  0%| F|  |TAMS 0x0000000085a00000, 0x0000000085a00000| Untracked 
|  75|0x0000000085b00000, 0x0000000085b00000, 0x0000000085c00000|  0%| F|  |TAMS 0x0000000085b00000, 0x0000000085b00000| Untracked 
|  76|0x0000000085c00000, 0x0000000085c00000, 0x0000000085d00000|  0%| F|  |TAMS 0x0000000085c00000, 0x0000000085c00000| Untracked 
|  77|0x0000000085d00000, 0x0000000085d00000, 0x0000000085e00000|  0%| F|  |TAMS 0x0000000085d00000, 0x0000000085d00000| Untracked 
|  78|0x0000000085e00000, 0x0000000085e00000, 0x0000000085f00000|  0%| F|  |TAMS 0x0000000085e00000, 0x0000000085e00000| Untracked 
|  79|0x0000000085f00000, 0x0000000085f00000, 0x0000000086000000|  0%| F|  |TAMS 0x0000000085f00000, 0x0000000085f00000| Untracked 
|  80|0x0000000086000000, 0x0000000086000000, 0x0000000086100000|  0%| F|  |TAMS 0x0000000086000000, 0x0000000086000000| Untracked 
|  81|0x0000000086100000, 0x0000000086100000, 0x0000000086200000|  0%| F|  |TAMS 0x0000000086100000, 0x0000000086100000| Untracked 
|  82|0x0000000086200000, 0x0000000086200000, 0x0000000086300000|  0%| F|  |TAMS 0x0000000086200000, 0x0000000086200000| Untracked 
|  83|0x0000000086300000, 0x0000000086300000, 0x0000000086400000|  0%| F|  |TAMS 0x0000000086300000, 0x0000000086300000| Untracked 
|  84|0x0000000086400000, 0x0000000086400000, 0x0000000086500000|  0%| F|  |TAMS 0x0000000086400000, 0x0000000086400000| Untracked 
|  85|0x0000000086500000, 0x0000000086500000, 0x0000000086600000|  0%| F|  |TAMS 0x0000000086500000, 0x0000000086500000| Untracked 
|  86|0x0000000086600000, 0x0000000086600000, 0x0000000086700000|  0%| F|  |TAMS 0x0000000086600000, 0x0000000086600000| Untracked 
|  87|0x0000000086700000, 0x0000000086700000, 0x0000000086800000|  0%| F|  |TAMS 0x0000000086700000, 0x0000000086700000| Untracked 
|  88|0x0000000086800000, 0x0000000086800000, 0x0000000086900000|  0%| F|  |TAMS 0x0000000086800000, 0x0000000086800000| Untracked 
|  89|0x0000000086900000, 0x0000000086900000, 0x0000000086a00000|  0%| F|  |TAMS 0x0000000086900000, 0x0000000086900000| Untracked 
|  90|0x0000000086a00000, 0x0000000086a00000, 0x0000000086b00000|  0%| F|  |TAMS 0x0000000086a00000, 0x0000000086a00000| Untracked 
|  91|0x0000000086b00000, 0x0000000086b00000, 0x0000000086c00000|  0%| F|  |TAMS 0x0000000086b00000, 0x0000000086b00000| Untracked 
|  92|0x0000000086c00000, 0x0000000086c00000, 0x0000000086d00000|  0%| F|  |TAMS 0x0000000086c00000, 0x0000000086c00000| Untracked 
|  93|0x0000000086d00000, 0x0000000086d00000, 0x0000000086e00000|  0%| F|  |TAMS 0x0000000086d00000, 0x0000000086d00000| Untracked 
|  94|0x0000000086e00000, 0x0000000086e00000, 0x0000000086f00000|  0%| F|  |TAMS 0x0000000086e00000, 0x0000000086e00000| Untracked 
|  95|0x0000000086f00000, 0x0000000086f00000, 0x0000000087000000|  0%| F|  |TAMS 0x0000000086f00000, 0x0000000086f00000| Untracked 
|  96|0x0000000087000000, 0x0000000087000000, 0x0000000087100000|  0%| F|  |TAMS 0x0000000087000000, 0x0000000087000000| Untracked 
|  97|0x0000000087100000, 0x0000000087100000, 0x0000000087200000|  0%| F|  |TAMS 0x0000000087100000, 0x0000000087100000| Untracked 
|  98|0x0000000087200000, 0x0000000087200000, 0x0000000087300000|  0%| F|  |TAMS 0x0000000087200000, 0x0000000087200000| Untracked 
|  99|0x0000000087300000, 0x0000000087300000, 0x0000000087400000|  0%| F|  |TAMS 0x0000000087300000, 0x0000000087300000| Untracked 
| 100|0x0000000087400000, 0x0000000087400000, 0x0000000087500000|  0%| F|  |TAMS 0x0000000087400000, 0x0000000087400000| Untracked 
| 101|0x0000000087500000, 0x0000000087500000, 0x0000000087600000|  0%| F|  |TAMS 0x0000000087500000, 0x0000000087500000| Untracked 
| 102|0x0000000087600000, 0x0000000087600000, 0x0000000087700000|  0%| F|  |TAMS 0x0000000087600000, 0x0000000087600000| Untracked 
| 103|0x0000000087700000, 0x0000000087700000, 0x0000000087800000|  0%| F|  |TAMS 0x0000000087700000, 0x0000000087700000| Untracked 
| 104|0x0000000087800000, 0x0000000087800000, 0x0000000087900000|  0%| F|  |TAMS 0x0000000087800000, 0x0000000087800000| Untracked 
| 105|0x0000000087900000, 0x0000000087900000, 0x0000000087a00000|  0%| F|  |TAMS 0x0000000087900000, 0x0000000087900000| Untracked 
| 106|0x0000000087a00000, 0x0000000087a00000, 0x0000000087b00000|  0%| F|  |TAMS 0x0000000087a00000, 0x0000000087a00000| Untracked 
| 107|0x0000000087b00000, 0x0000000087b00000, 0x0000000087c00000|  0%| F|  |TAMS 0x0000000087b00000, 0x0000000087b00000| Untracked 
| 108|0x0000000087c00000, 0x0000000087c00000, 0x0000000087d00000|  0%| F|  |TAMS 0x0000000087c00000, 0x0000000087c00000| Untracked 
| 109|0x0000000087d00000, 0x0000000087d00000, 0x0000000087e00000|  0%| F|  |TAMS 0x0000000087d00000, 0x0000000087d00000| Untracked 
| 110|0x0000000087e00000, 0x0000000087e00000, 0x0000000087f00000|  0%| F|  |TAMS 0x0000000087e00000, 0x0000000087e00000| Untracked 
| 111|0x0000000087f00000, 0x0000000087f00000, 0x0000000088000000|  0%| F|  |TAMS 0x0000000087f00000, 0x0000000087f00000| Untracked 
| 112|0x0000000088000000, 0x0000000088000000, 0x0000000088100000|  0%| F|  |TAMS 0x0000000088000000, 0x0000000088000000| Untracked 
| 113|0x0000000088100000, 0x0000000088200000, 0x0000000088200000|100%| E|  |TAMS 0x0000000088100000, 0x0000000088100000| Complete 
| 114|0x0000000088200000, 0x0000000088300000, 0x0000000088300000|100%| E|CS|TAMS 0x0000000088200000, 0x0000000088200000| Complete 
| 115|0x0000000088300000, 0x0000000088400000, 0x0000000088400000|100%| E|CS|TAMS 0x0000000088300000, 0x0000000088300000| Complete 
| 116|0x0000000088400000, 0x0000000088500000, 0x0000000088500000|100%| E|CS|TAMS 0x0000000088400000, 0x0000000088400000| Complete 
| 117|0x0000000088500000, 0x0000000088600000, 0x0000000088600000|100%| E|CS|TAMS 0x0000000088500000, 0x0000000088500000| Complete 
| 118|0x0000000088600000, 0x0000000088700000, 0x0000000088700000|100%| E|CS|TAMS 0x0000000088600000, 0x0000000088600000| Complete 
| 119|0x0000000088700000, 0x0000000088800000, 0x0000000088800000|100%| E|CS|TAMS 0x0000000088700000, 0x0000000088700000| Complete 
| 120|0x0000000088800000, 0x0000000088900000, 0x0000000088900000|100%| E|CS|TAMS 0x0000000088800000, 0x0000000088800000| Complete 
| 121|0x0000000088900000, 0x0000000088a00000, 0x0000000088a00000|100%| E|CS|TAMS 0x0000000088900000, 0x0000000088900000| Complete 
| 122|0x0000000088a00000, 0x0000000088b00000, 0x0000000088b00000|100%| E|CS|TAMS 0x0000000088a00000, 0x0000000088a00000| Complete 
| 123|0x0000000088b00000, 0x0000000088c00000, 0x0000000088c00000|100%| E|CS|TAMS 0x0000000088b00000, 0x0000000088b00000| Complete 
| 124|0x0000000088c00000, 0x0000000088d00000, 0x0000000088d00000|100%| E|CS|TAMS 0x0000000088c00000, 0x0000000088c00000| Complete 
| 125|0x0000000088d00000, 0x0000000088e00000, 0x0000000088e00000|100%| E|CS|TAMS 0x0000000088d00000, 0x0000000088d00000| Complete 
| 126|0x0000000088e00000, 0x0000000088f00000, 0x0000000088f00000|100%| E|CS|TAMS 0x0000000088e00000, 0x0000000088e00000| Complete 
| 127|0x0000000088f00000, 0x0000000089000000, 0x0000000089000000|100%| E|CS|TAMS 0x0000000088f00000, 0x0000000088f00000| Complete 

Card table byte_map: [0x00000243f5a60000,0x00000243f5e60000] _byte_map_base: 0x00000243f5658000

Marking Bits (Prev, Next): (CMBitMap*) 0x00000243eceec088, (CMBitMap*) 0x00000243eceec0c8
 Prev Bits: [0x00000243f6260000, 0x00000243f8220000)
 Next Bits: [0x00000243f8220000, 0x00000243fa1e0000)

Polling page: 0x00000243eae20000

Metaspace:

Usage:
  Non-class:      6.80 MB capacity,     6.56 MB ( 97%) used,   219.76 KB (  3%) free+waste,    19.50 KB ( <1%) overhead. 
      Class:    884.00 KB capacity,   771.91 KB ( 87%) used,    98.97 KB ( 11%) free+waste,    13.13 KB (  1%) overhead. 
       Both:      7.66 MB capacity,     7.32 MB ( 96%) used,   318.73 KB (  4%) free+waste,    32.63 KB ( <1%) overhead. 

Virtual space:
  Non-class space:        8.00 MB reserved,       7.00 MB ( 88%) committed 
      Class space:        1.00 GB reserved,     896.00 KB ( <1%) committed 
             Both:        1.01 GB reserved,       7.88 MB ( <1%) committed 

Chunk freelists:
   Non-Class:  16.00 KB
       Class:  12.00 KB
        Both:  28.00 KB

MaxMetaspaceSize: 17179869184.00 GB
CompressedClassSpaceSize: 1.00 GB

CodeHeap 'non-profiled nmethods': size=120000Kb used=232Kb max_used=232Kb free=119767Kb
 bounds [0x0000024387ad0000, 0x0000024387d40000, 0x000002438f000000]
CodeHeap 'profiled nmethods': size=120000Kb used=1450Kb max_used=1450Kb free=118549Kb
 bounds [0x00000243805a0000, 0x0000024380810000, 0x0000024387ad0000]
CodeHeap 'non-nmethods': size=5760Kb used=1266Kb max_used=1266Kb free=4494Kb
 bounds [0x0000024380000000, 0x0000024380270000, 0x00000243805a0000]
 total_blobs=1753 nmethods=808 adapters=464
 compilation: enabled
              stopped_count=0, restarted_count=0
 full_count=0

Compilation events (20 events):
Event: 1.088 Thread 0x00000243fc6cd800 nmethod 776 0x00000243806f7090 code [0x00000243806f7220, 0x00000243806f7358]
Event: 1.088 Thread 0x00000243fc6cd800  777       3       java.util.TreeMap$Entry::<init> (25 bytes)
Event: 1.089 Thread 0x00000243fc6cd800 nmethod 777 0x00000243806f7410 code [0x00000243806f75c0, 0x00000243806f7858]
Event: 1.089 Thread 0x00000243fc6cd800  778       3       java.util.TreeMap::rightOf (13 bytes)
Event: 1.089 Thread 0x00000243fc6cd800 nmethod 778 0x00000243806f7910 code [0x00000243806f7aa0, 0x00000243806f7bf8]
Event: 1.089 Thread 0x00000243fc6cd800  779  s    3       java.lang.StringBuffer::append (13 bytes)
Event: 1.089 Thread 0x00000243fc6cd800 nmethod 779 0x00000243806f7c90 code [0x00000243806f7e40, 0x00000243806f8168]
Event: 1.090 Thread 0x00000243fc6cd800  782       3       java.lang.reflect.AccessibleObject::checkAccess (40 bytes)
Event: 1.090 Thread 0x00000243fc6cd800 nmethod 782 0x00000243806f8210 code [0x00000243806f83e0, 0x00000243806f8738]
Event: 1.090 Thread 0x00000243fc6cd800  783       3       java.lang.reflect.AccessibleObject::verifyAccess (55 bytes)
Event: 1.091 Thread 0x00000243fc6cd800 nmethod 783 0x00000243806f8890 code [0x00000243806f8ac0, 0x00000243806f9628]
Event: 1.091 Thread 0x00000243fc6cd800  784       3       java.lang.reflect.Field::checkAccess (32 bytes)
Event: 1.091 Thread 0x00000243fc6cd800 nmethod 784 0x00000243806f9890 code [0x00000243806f9a40, 0x00000243806f9ce8]
Event: 1.091 Thread 0x00000243fc6cd800  785       1       com.mysql.jdbc.ConnectionPropertiesImpl$ConnectionProperty::getValueAsObject (5 bytes)
Event: 1.091 Thread 0x00000243fc6cd800 nmethod 785 0x0000024387b08c90 code [0x0000024387b08e20, 0x0000024387b08ef8]
Event: 1.095 Thread 0x00000243fc6cd800  786       3       jdk.internal.jimage.ImageStringsReader::get (9 bytes)
Event: 1.095 Thread 0x00000243fc6cd800 nmethod 786 0x00000243806f9e10 code [0x00000243806f9fc0, 0x00000243806fa1a8]
Event: 1.095 Thread 0x00000243fc6cd800  787       3       jdk.internal.jimage.BasicImageReader::getString (49 bytes)
Event: 1.096 Thread 0x00000243fc6cd800 nmethod 787 0x00000243806fa290 code [0x00000243806fa4e0, 0x00000243806fafb8]
Event: 1.096 Thread 0x00000243fc6cd800  788       3       jdk.internal.jimage.ImageStringsReader::stringFromByteBuffer (28 bytes)

GC Heap History (4 events):
Event: 0.741 GC heap before
{Heap before GC invocations=0 (full 0):
 garbage-first heap   total 131072K, used 47104K [0x0000000081000000, 0x0000000100000000)
  region size 1024K, 13 young (13312K), 0 survivors (0K)
 Metaspace       used 4817K, capacity 4966K, committed 5248K, reserved 1056768K
  class space    used 520K, capacity 603K, committed 640K, reserved 1048576K
}
Event: 0.747 GC heap after
{Heap after GC invocations=1 (full 0):
 garbage-first heap   total 131072K, used 36997K [0x0000000081000000, 0x0000000100000000)
  region size 1024K, 2 young (2048K), 2 survivors (2048K)
 Metaspace       used 4817K, capacity 4966K, committed 5248K, reserved 1056768K
  class space    used 520K, capacity 603K, committed 640K, reserved 1048576K
}
Event: 0.803 GC heap before
{Heap before GC invocations=1 (full 0):
 garbage-first heap   total 131072K, used 52357K [0x0000000081000000, 0x0000000100000000)
  region size 1024K, 18 young (18432K), 2 survivors (2048K)
 Metaspace       used 4817K, capacity 4966K, committed 5248K, reserved 1056768K
  class space    used 520K, capacity 603K, committed 640K, reserved 1048576K
}
Event: 0.807 GC heap after
{Heap after GC invocations=2 (full 0):
 garbage-first heap   total 131072K, used 36995K [0x0000000081000000, 0x0000000100000000)
  region size 1024K, 0 young (0K), 0 survivors (0K)
 Metaspace       used 4817K, capacity 4966K, committed 5248K, reserved 1056768K
  class space    used 520K, capacity 603K, committed 640K, reserved 1048576K
}

Deoptimization events (20 events):
Event: 0.868 Thread 0x00000243ecea7800 DEOPT PACKING pc=0x0000024387af0c80 sp=0x000000903cdfe1f0
Event: 0.868 Thread 0x00000243ecea7800 DEOPT UNPACKING pc=0x000002438004912f sp=0x000000903cdfe170 mode 2
Event: 0.897 Thread 0x00000243ecea7800 DEOPT PACKING pc=0x00000243806b16e1 sp=0x000000903cdfce30
Event: 0.897 Thread 0x00000243ecea7800 DEOPT UNPACKING pc=0x000002438004964e sp=0x000000903cdfc328 mode 0
Event: 0.900 Thread 0x00000243ecea7800 DEOPT PACKING pc=0x00000243806b16e1 sp=0x000000903cdfce30
Event: 0.900 Thread 0x00000243ecea7800 DEOPT UNPACKING pc=0x000002438004964e sp=0x000000903cdfc328 mode 0
Event: 0.902 Thread 0x00000243ecea7800 DEOPT PACKING pc=0x00000243806b16e1 sp=0x000000903cdfce30
Event: 0.902 Thread 0x00000243ecea7800 DEOPT UNPACKING pc=0x000002438004964e sp=0x000000903cdfc328 mode 0
Event: 0.904 Thread 0x00000243ecea7800 DEOPT PACKING pc=0x00000243806b16e1 sp=0x000000903cdfce30
Event: 0.904 Thread 0x00000243ecea7800 DEOPT UNPACKING pc=0x000002438004964e sp=0x000000903cdfc328 mode 0
Event: 0.906 Thread 0x00000243ecea7800 DEOPT PACKING pc=0x00000243806b16e1 sp=0x000000903cdfce30
Event: 0.906 Thread 0x00000243ecea7800 DEOPT UNPACKING pc=0x000002438004964e sp=0x000000903cdfc328 mode 0
Event: 0.920 Thread 0x00000243ecea7800 DEOPT PACKING pc=0x00000243806b16e1 sp=0x000000903cdfce30
Event: 0.920 Thread 0x00000243ecea7800 DEOPT UNPACKING pc=0x000002438004964e sp=0x000000903cdfc328 mode 0
Event: 0.921 Thread 0x00000243ecea7800 DEOPT PACKING pc=0x00000243806b16e1 sp=0x000000903cdfce30
Event: 0.921 Thread 0x00000243ecea7800 DEOPT UNPACKING pc=0x000002438004964e sp=0x000000903cdfc328 mode 0
Event: 1.036 Thread 0x00000243ecea7800 Uncommon trap: trap_request=0xffffff45 fr.pc=0x0000024387af706c relative=0x000000000000098c
Event: 1.036 Thread 0x00000243ecea7800 Uncommon trap: reason=unstable_if action=reinterpret pc=0x0000024387af706c method=java.util.HashMap.putVal(ILjava/lang/Object;Ljava/lang/Object;ZZ)Ljava/lang/Object; @ 181 c2
Event: 1.036 Thread 0x00000243ecea7800 DEOPT PACKING pc=0x0000024387af706c sp=0x000000903cdfd750
Event: 1.036 Thread 0x00000243ecea7800 DEOPT UNPACKING pc=0x000002438004912f sp=0x000000903cdfd6f0 mode 2

Classes unloaded (0 events):
No events

Classes redefined (0 events):
No events

Internal exceptions (10 events):
Event: 0.239 Thread 0x00000243ecea7800 Exception <a 'java/lang/ClassNotFoundException'{0x0000000088e2dfa8}: sun/awt/resources/spi/awtProvider> (0x0000000088e2dfa8) 
thrown [./open/src/hotspot/share/classfile/systemDictionary.cpp, line 226]
Event: 0.275 Thread 0x00000243ecea7800 Exception <a 'java/io/FileNotFoundException'{0x0000000088e82a18}> (0x0000000088e82a18) 
thrown [./open/src/hotspot/share/prims/jni.cpp, line 599]
Event: 0.288 Thread 0x00000243ecea7800 Exception <a 'java/io/FileNotFoundException'{0x0000000088ea9060}> (0x0000000088ea9060) 
thrown [./open/src/hotspot/share/prims/jni.cpp, line 599]
Event: 0.461 Thread 0x00000243fd358000 Exception <a 'java/lang/NoSuchMethodError'{0x0000000088d05180}: 'void java.lang.invoke.DirectMethodHandle$Holder.invokeSpecial(java.lang.Object, java.lang.Object)'> (0x0000000088d05180) 
thrown [./open/src/hotspot/share/interpreter/linkResolver.cpp, line 766]
Event: 0.518 Thread 0x00000243ecea7800 Exception <a 'java/lang/NoSuchMethodError'{0x0000000088d9cfa0}: 'java.lang.Object java.lang.invoke.DirectMethodHandle$Holder.invokeStatic(java.lang.Object, int, java.lang.Object, java.lang.Object, java.lang.Object, java.lang.Object)'> (0x0000000088d9cfa0) 
thrown [./open/src/hotspot/share/interpreter/linkResolver.cpp, line 766]
Event: 0.519 Thread 0x00000243ecea7800 Exception <a 'java/lang/NoSuchMethodError'{0x0000000088da38c0}: 'java.lang.Object java.lang.invoke.DirectMethodHandle$Holder.invokeStatic(java.lang.Object, int, java.lang.Object, java.lang.Object, java.lang.Object)'> (0x0000000088da38c0) 
thrown [./open/src/hotspot/share/interpreter/linkResolver.cpp, line 766]
Event: 0.520 Thread 0x00000243ecea7800 Exception <a 'java/lang/NoSuchMethodError'{0x0000000088da7110}: 'java.lang.Object java.lang.invoke.DirectMethodHandle$Holder.invokeSpecial(java.lang.Object, java.lang.Object, int, java.lang.Object, java.lang.Object, java.lang.Object)'> (0x0000000088da7110) 
thrown [./open/src/hotspot/share/interpreter/linkResolver.cpp, line 766]
Event: 0.524 Thread 0x00000243ecea7800 Exception <a 'java/lang/NoSuchMethodError'{0x0000000088dbd4b8}: 'java.lang.Object java.lang.invoke.DirectMethodHandle$Holder.invokeStatic(java.lang.Object, int, java.lang.Object)'> (0x0000000088dbd4b8) 
thrown [./open/src/hotspot/share/interpreter/linkResolver.cpp, line 766]
Event: 0.554 Thread 0x00000243ecea7800 Exception <a 'java/lang/ClassNotFoundException'{0x0000000088c612e8}: com/sun/swing/internal/plaf/metal/resources/spi/metalProvider> (0x0000000088c612e8) 
thrown [./open/src/hotspot/share/classfile/systemDictionary.cpp, line 226]
Event: 0.555 Thread 0x00000243ecea7800 Exception <a 'java/lang/ClassNotFoundException'{0x0000000088c650f0}: com/sun/swing/internal/plaf/basic/resources/spi/basicProvider> (0x0000000088c650f0) 
thrown [./open/src/hotspot/share/classfile/systemDictionary.cpp, line 226]

Events (20 events):
Event: 1.022 loading class javax/naming/RefAddr
Event: 1.022 loading class javax/naming/RefAddr done
Event: 1.022 loading class javax/naming/StringRefAddr
Event: 1.022 loading class javax/naming/StringRefAddr done
Event: 1.024 loading class java/text/MessageFormat
Event: 1.024 loading class java/text/MessageFormat done
Event: 1.025 loading class java/text/MessageFormat$Field
Event: 1.025 loading class java/text/MessageFormat$Field done
Event: 1.050 Executing VM operation: HandshakeOneThread
Event: 1.050 Executing VM operation: HandshakeOneThread done
Event: 1.053 loading class jdk/internal/reflect/UnsafeObjectFieldAccessorImpl
Event: 1.053 loading class jdk/internal/reflect/UnsafeObjectFieldAccessorImpl done
Event: 1.080 loading class java/lang/StringCoding$StringEncoder
Event: 1.080 loading class java/lang/StringCoding$StringEncoder done
Event: 1.088 loading class java/util/TreeMap$KeySet
Event: 1.089 loading class java/util/TreeMap$KeySet done
Event: 1.089 loading class java/util/TreeMap$KeyIterator
Event: 1.089 loading class java/util/TreeMap$KeyIterator done
Event: 1.096 loading class java/io/EOFException
Event: 1.096 loading class java/io/EOFException done


Dynamic libraries:
0x00007ff7c3d30000 - 0x00007ff7c3d3f000 	C:\Program Files\Java\jdk-14.0.1\bin\javaw.exe
0x00007ffbe15b0000 - 0x00007ffbe17a5000 	C:\WINDOWS\SYSTEM32\ntdll.dll
0x00007ffbe0720000 - 0x00007ffbe07dd000 	C:\WINDOWS\System32\KERNEL32.DLL
0x00007ffbdef90000 - 0x00007ffbdf258000 	C:\WINDOWS\System32\KERNELBASE.dll
0x00007ffbdf340000 - 0x00007ffbdf440000 	C:\WINDOWS\System32\ucrtbase.dll
0x00007ffbd8350000 - 0x00007ffbd8368000 	C:\Program Files\Java\jdk-14.0.1\bin\jli.dll
0x00007ffbdfac0000 - 0x00007ffbdfb6c000 	C:\WINDOWS\System32\ADVAPI32.dll
0x00007ffbdfa20000 - 0x00007ffbdfabe000 	C:\WINDOWS\System32\msvcrt.dll
0x00007ffbe14d0000 - 0x00007ffbe156b000 	C:\WINDOWS\System32\sechost.dll
0x00007ffbdffc0000 - 0x00007ffbe00eb000 	C:\WINDOWS\System32\RPCRT4.dll
0x00007ffbbc490000 - 0x00007ffbbc4a5000 	C:\Program Files\Java\jdk-14.0.1\bin\VCRUNTIME140.dll
0x00007ffbdfc40000 - 0x00007ffbdfde0000 	C:\WINDOWS\System32\USER32.dll
0x00007ffbdee00000 - 0x00007ffbdee22000 	C:\WINDOWS\System32\win32u.dll
0x00007ffbe0280000 - 0x00007ffbe02aa000 	C:\WINDOWS\System32\GDI32.dll
0x00007ffbdecf0000 - 0x00007ffbdedfb000 	C:\WINDOWS\System32\gdi32full.dll
0x00007ffbdf4f0000 - 0x00007ffbdf58d000 	C:\WINDOWS\System32\msvcp_win.dll
0x00007ffbd1540000 - 0x00007ffbd17da000 	C:\WINDOWS\WinSxS\amd64_microsoft.windows.common-controls_6595b64144ccf1df_6.0.19041.844_none_ca00b6081b84eb1d\COMCTL32.dll
0x00007ffbd7bf0000 - 0x00007ffbd7bfa000 	C:\WINDOWS\SYSTEM32\VERSION.dll
0x00007ffbe0f90000 - 0x00007ffbe0fc0000 	C:\WINDOWS\System32\IMM32.DLL
0x00007ffbbb930000 - 0x00007ffbbb9cb000 	C:\Program Files\Java\jdk-14.0.1\bin\msvcp140.dll
0x00007ffb7af80000 - 0x00007ffb7ba9e000 	C:\Program Files\Java\jdk-14.0.1\bin\server\jvm.dll
0x00007ffbdf700000 - 0x00007ffbdf708000 	C:\WINDOWS\System32\PSAPI.DLL
0x00007ffbd9df0000 - 0x00007ffbd9df9000 	C:\WINDOWS\SYSTEM32\WSOCK32.dll
0x00007ffbe0210000 - 0x00007ffbe027b000 	C:\WINDOWS\System32\WS2_32.dll
0x00007ffbd2320000 - 0x00007ffbd2347000 	C:\WINDOWS\SYSTEM32\WINMM.dll
0x00007ffbdce20000 - 0x00007ffbdce32000 	C:\WINDOWS\SYSTEM32\kernel.appcore.dll
0x00007ffbd9850000 - 0x00007ffbd985a000 	C:\Program Files\Java\jdk-14.0.1\bin\jimage.dll
0x00007ffbdcc10000 - 0x00007ffbdcdf4000 	C:\WINDOWS\SYSTEM32\DBGHELP.DLL
0x00007ffbcdb80000 - 0x00007ffbcdbac000 	C:\WINDOWS\SYSTEM32\dbgcore.DLL
0x00007ffbdf260000 - 0x00007ffbdf2e0000 	C:\WINDOWS\System32\bcryptPrimitives.dll
0x00007ffbd8300000 - 0x00007ffbd8325000 	C:\Program Files\Java\jdk-14.0.1\bin\java.dll
0x00007ffbd82e0000 - 0x00007ffbd82f6000 	C:\Program Files\Java\jdk-14.0.1\bin\zip.dll
0x00007ffbe0840000 - 0x00007ffbe0f82000 	C:\WINDOWS\System32\SHELL32.dll
0x00007ffbdce40000 - 0x00007ffbdd5d0000 	C:\WINDOWS\SYSTEM32\windows.storage.dll
0x00007ffbe1160000 - 0x00007ffbe14b5000 	C:\WINDOWS\System32\combase.dll
0x00007ffbde760000 - 0x00007ffbde78c000 	C:\WINDOWS\SYSTEM32\Wldp.dll
0x00007ffbe0fc0000 - 0x00007ffbe106e000 	C:\WINDOWS\System32\SHCORE.dll
0x00007ffbe1100000 - 0x00007ffbe1155000 	C:\WINDOWS\System32\shlwapi.dll
0x00007ffbdec30000 - 0x00007ffbdec4f000 	C:\WINDOWS\SYSTEM32\profapi.dll
0x00007ffbca1b0000 - 0x00007ffbca1c9000 	C:\Program Files\Java\jdk-14.0.1\bin\net.dll
0x00007ffbd2060000 - 0x00007ffbd216b000 	C:\WINDOWS\SYSTEM32\WINHTTP.dll
0x00007ffbde4d0000 - 0x00007ffbde53a000 	C:\WINDOWS\system32\mswsock.dll
0x00007ffbbfab0000 - 0x00007ffbbfac2000 	C:\Program Files\Java\jdk-14.0.1\bin\nio.dll
0x00007ffba92b0000 - 0x00007ffba9448000 	C:\Program Files\Java\jdk-14.0.1\bin\awt.dll
0x00007ffbdfb70000 - 0x00007ffbdfc3d000 	C:\WINDOWS\System32\OLEAUT32.dll
0x00007ffbdc230000 - 0x00007ffbdc2c0000 	C:\WINDOWS\SYSTEM32\apphelp.dll
0x00007ffbdc680000 - 0x00007ffbdc6af000 	C:\WINDOWS\system32\DWMAPI.DLL
0x00007ffbdc3a0000 - 0x00007ffbdc43e000 	C:\WINDOWS\system32\uxtheme.dll
0x00007ffbb84b0000 - 0x00007ffbb85d6000 	C:\WINDOWS\system32\opengl32.dll
0x00007ffbb90a0000 - 0x00007ffbb90cc000 	C:\WINDOWS\SYSTEM32\GLU32.dll
0x00007ffbe00f0000 - 0x00007ffbe0205000 	C:\WINDOWS\System32\MSCTF.dll
0x00007ffbdfde0000 - 0x00007ffbdff0a000 	C:\WINDOWS\System32\ole32.dll
0x00007ffbbc330000 - 0x00007ffbbc35d000 	C:\Program Files\Java\jdk-14.0.1\bin\javajpeg.dll
0x00007ffbca1a0000 - 0x00007ffbca1b0000 	C:\Program Files\Java\jdk-14.0.1\bin\verify.dll
0x00007ffbde1c0000 - 0x00007ffbde28c000 	C:\WINDOWS\SYSTEM32\DNSAPI.dll
0x00007ffbde170000 - 0x00007ffbde1ab000 	C:\WINDOWS\SYSTEM32\IPHLPAPI.DLL
0x00007ffbe14c0000 - 0x00007ffbe14c8000 	C:\WINDOWS\System32\NSI.dll
0x00007ffbd0d20000 - 0x00007ffbd0d2a000 	C:\Windows\System32\rasadhlp.dll
0x00007ffbd1130000 - 0x00007ffbd11af000 	C:\WINDOWS\System32\fwpuclnt.dll
0x00007ffbdf590000 - 0x00007ffbdf5b7000 	C:\WINDOWS\System32\bcrypt.dll

dbghelp: loaded successfully - version: 4.0.5 - missing functions: none
symbol engine: initialized successfully - sym options: 0x614 - pdb path: .;C:\Program Files\Java\jdk-14.0.1\bin;C:\WINDOWS\SYSTEM32;C:\WINDOWS\WinSxS\amd64_microsoft.windows.common-controls_6595b64144ccf1df_6.0.19041.844_none_ca00b6081b84eb1d;C:\Program Files\Java\jdk-14.0.1\bin\server

VM Arguments:
jvm_args: -Dfile.encoding=Cp1252 
java_command: Employeee.Mark_Att_Emp
java_class_path (initial): C:\Users\Rishabh\eclipse-workspace\Employee-Management-System\build\classes;C:\Users\Rishabh\eclipse-workspace\Employee-Management-System\dist\lib\mysql-connector-java-5.1.23-bin.jar;C:\Users\Rishabh\eclipse-workspace\Employee-Management-System\dist\Employee_Management_System.jar
Launcher Type: SUN_STANDARD

[Global flags]
     intx CICompilerCount                          = 3                                         {product} {ergonomic}
     uint ConcGCThreads                            = 1                                         {product} {ergonomic}
     uint G1ConcRefinementThreads                  = 4                                         {product} {ergonomic}
   size_t G1HeapRegionSize                         = 1048576                                   {product} {ergonomic}
    uintx GCDrainStackTargetSize                   = 64                                        {product} {ergonomic}
   size_t InitialHeapSize                          = 134217728                                 {product} {ergonomic}
   size_t MarkStackSize                            = 4194304                                   {product} {ergonomic}
   size_t MaxHeapSize                              = 2130706432                                {product} {ergonomic}
   size_t MaxNewSize                               = 1278214144                                {product} {ergonomic}
   size_t MinHeapDeltaBytes                        = 1048576                                   {product} {ergonomic}
   size_t MinHeapSize                              = 8388608                                   {product} {ergonomic}
    uintx NonNMethodCodeHeapSize                   = 5832780                                {pd product} {ergonomic}
    uintx NonProfiledCodeHeapSize                  = 122912730                              {pd product} {ergonomic}
    uintx ProfiledCodeHeapSize                     = 122912730                              {pd product} {ergonomic}
    uintx ReservedCodeCacheSize                    = 251658240                              {pd product} {ergonomic}
     bool SegmentedCodeCache                       = true                                      {product} {ergonomic}
   size_t SoftMaxHeapSize                          = 2130706432                             {manageable} {ergonomic}
     bool UseCompressedClassPointers               = true                                 {lp64_product} {ergonomic}
     bool UseCompressedOops                        = true                                 {lp64_product} {ergonomic}
     bool UseG1GC                                  = true                                      {product} {ergonomic}
     bool UseLargePagesIndividualAllocation        = false                                  {pd product} {ergonomic}

Logging:
Log output configuration:
 #0: stdout all=warning uptime,level,tags
 #1: stderr all=off uptime,level,tags

Environment Variables:
PATH=C:/Program Files/Java/jdk-14.0.1/bin/server;C:/Program Files/Java/jdk-14.0.1/bin;C:\Program Files\Common Files\Oracle\Java\javapath;C:\Program Files (x86)\Common Files\Oracle\Java\javapath;C:\WINDOWS\system32;C:\WINDOWS;C:\WINDOWS\System32\Wbem;C:\WINDOWS\System32\WindowsPowerShell\v1.0\;C:\WINDOWS\System32\OpenSSH\;C:\Program Files\nodejs\;C:\Program Files\Git\cmd;C:\Program Files\Microsoft SQL Server\Client SDK\ODBC\170\Tools\Binn\;C:\Program Files (x86)\Microsoft SQL Server\150\Tools\Binn\;C:\Program Files\Microsoft SQL Server\150\Tools\Binn\;C:\Program Files\Microsoft SQL Server\150\DTS\Binn\;C:\Users\Rishabh\AppData\Local\Microsoft\WindowsApps;C:\Users\Rishabh\AppData\Local\Programs\Microsoft VS Code\bin;C:\Users\Rishabh\AppData\Roaming\npm;;C:\Program Files\JetBrains\IntelliJ IDEA 2021.2.3\bin;;C:\WINDOWS\system32;
USERNAME=Rishabh
OS=Windows_NT
PROCESSOR_IDENTIFIER=Intel64 Family 6 Model 69 Stepping 1, GenuineIntel



---------------  S Y S T E M  ---------------

OS: Windows 10 , 64 bit Build 19041 (10.0.19041.928)
OS uptime: 0 days 6:54 hours

CPU:total 4 (initial active 4) (2 cores per cpu, 2 threads per core) family 6 model 69 stepping 1, cmov, cx8, fxsr, mmx, sse, sse2, sse3, ssse3, sse4.1, sse4.2, popcnt, avx, avx2, aes, clmul, erms, lzcnt, ht, tsc, tscinvbit, bmi1, bmi2, fma

Memory: 4k page, system-wide physical 8122M (2269M free)
TotalPageFile size 32698M (AvailPageFile size 4M)
current process WorkingSet (physical memory assigned to process): 107M, peak: 107M
current process commit charge ("private bytes"): 218M, peak: 218M

vm_info: Java HotSpot(TM) 64-Bit Server VM (14.0.1+7) for windows-amd64 JRE (14.0.1+7), built on Mar  5 2020 10:30:14 by "mach5one" with MS VC++ 15.9 (VS2017)

END.
